< C:\DevBin\20230418_CopyBerryToBerryRepo\Claes20200001
> C:\home\GitHub\StoreD\DevOld\CopyBerryToBerryRepo\Claes20200001
< C:\DevBin\20230418_CopyBerryToBerryRepo\doc
> C:\home\GitHub\StoreD\DevOld\CopyBerryToBerryRepo\doc
< C:\DevBin\20230418_CopyBerryToBerryRepo\out
T C:\home\GitHub\StoreD\DevOld\CopyBerryToBerryRepo\out
< C:\DevBin\20230406_CopyPleiadesWSToStoreP\Claes20200001
> C:\home\GitHub\StoreD\DevOld\CopyPleiadesWSToStoreP\Claes20200001
< C:\DevBin\20230406_CopyPleiadesWSToStoreP\doc
> C:\home\GitHub\StoreD\DevOld\CopyPleiadesWSToStoreP\doc
< C:\DevBin\20230406_CopyPleiadesWSToStoreP\out
T C:\home\GitHub\StoreD\DevOld\CopyPleiadesWSToStoreP\out
< C:\DevBin\20230416_GameSetSourceOfResource\Claes20200001
> C:\home\GitHub\StoreD\DevOld\GameSetSourceOfResource\Claes20200001
< C:\DevBin\20230416_GameSetSourceOfResource\doc
> C:\home\GitHub\StoreD\DevOld\GameSetSourceOfResource\doc
< C:\DevBin\20230416_GameSetSourceOfResource\out
T C:\home\GitHub\StoreD\DevOld\GameSetSourceOfResource\out
< C:\DevBin\20230321_Program\MkDecision0001\Claes20200001
> C:\home\GitHub\StoreD\DevOld\MkDecision0001\Claes20200001
< C:\DevBin\20230321_Program\MkDecision0001\doc
> C:\home\GitHub\StoreD\DevOld\MkDecision0001\doc
< C:\DevBin\20230321_Program\MkDecision0001\out
T C:\home\GitHub\StoreD\DevOld\MkDecision0001\out
< C:\DevBin\20230321_Program\MkDecision0002\Claes20200001
> C:\home\GitHub\StoreD\DevOld\MkDecision0002\Claes20200001
< C:\DevBin\20230321_Program\MkDecision0002\doc
> C:\home\GitHub\StoreD\DevOld\MkDecision0002\doc
< C:\DevBin\20230321_Program\MkDecision0002\out
T C:\home\GitHub\StoreD\DevOld\MkDecision0002\out
< C:\DevBin\20230327_MkDecision0003\Claes20200001
> C:\home\GitHub\StoreD\DevOld\MkDecision0003\Claes20200001
< C:\DevBin\20230327_MkDecision0003\doc
> C:\home\GitHub\StoreD\DevOld\MkDecision0003\doc
< C:\DevBin\20230327_MkDecision0003\out
T C:\home\GitHub\StoreD\DevOld\MkDecision0003\out
< C:\DevBin\20230315_Test20230314\Claes20200001
> C:\home\GitHub\StoreD\DevOld\Test20230314\Claes20200001
< C:\DevBin\20230315_Test20230314\doc
> C:\home\GitHub\StoreD\DevOld\Test20230314\doc
< C:\DevBin\20230315_Test20230314\out
T C:\home\GitHub\StoreD\DevOld\Test20230314\out
< C:\DevBin\20230330_Test20230315\Claes20200001
> C:\home\GitHub\StoreD\DevOld\Test20230315\Claes20200001
< C:\DevBin\20230330_Test20230315\doc
> C:\home\GitHub\StoreD\DevOld\Test20230315\doc
< C:\DevBin\20230330_Test20230315\out
T C:\home\GitHub\StoreD\DevOld\Test20230315\out
